


ARM Macro Assembler    Page 1 


    1 00000000                 AREA             RESET, DATA, READONLY
    2 00000000                 EXPORT           __Vectors
    3 00000000         
    4 00000000         __Vectors
    5 00000000 10010000        DCD              0x10010000
    6 00000004 00000000        DCD              Reset_Handler
    7 00000008         
    8 00000008                 ALIGN
    9 00000008                 AREA             CODE_SEG, CODE, READONLY
   10 00000000                 ENTRY
   11 00000000                 EXPORT           Reset_Handler
   12 00000000         
   13 00000000         Reset_Handler
   14 00000000 4812            LDR              R0,=NUM1+12
   15 00000002 4913            LDR              R1,=NUM2+12
   16 00000004 4A13            LDR              R2,=DST+12
   17 00000006         
   18 00000006 F04F 0600       MOV              R6,#0
   19 0000000A F04F 0700       MOV              R7,#0
   20 0000000E 443E            ADD              R6,R7
   21 00000010 F04F 0604       MOV              R6,#4
   22 00000014         
   23 00000014         LOOP
   24 00000014 F850 3904       LDR              R3,[R0],#-4
   25 00000018 F851 4904       LDR              R4,[R1],#-4
   26 0000001C         
   27 0000001C EB63 0504       SBC              R5,R3,R4
   28 00000020 F842 5904       STR              R5,[R2],#-4
   29 00000024         
   30 00000024 3E01            SUBS             R6,#1
   31 00000026 D1F5            BNE              LOOP
   32 00000028         
   33 00000028         STOP
   34 00000028 E7FE            B                STOP
   35 0000002A 00 00 11111111 
              22222222 
              33333333 
              44444444 NUM2    DCD              0x11111111,0X22222222,0X3333333
3,0X44444444
   36 0000003C 55555555 
              66666666 
              77777777 
              88888888 NUM1    DCD              0X55555555,0X66666666,0X7777777
7,0X88888888
   37 0000004C 0000000C 
              0000000C 
              0000000C         AREA             DATA_SEG, DATA, READWRITE
   38 00000000 00000000 
                       DST     DCD              0
   39 00000004                 END
Command Line: --debug --xref --cpu=Cortex-M3 --apcs=interwork --depend=subs128.
d -osubs128.o -I"D:\Keil Software\ARM\RV31\INC" -I"D:\Keil Software\ARM\CMSIS\I
nclude" -I"D:\Keil Software\ARM\Inc\NXP\LPC17xx" --predefine="__EVAL SETA 1" --
list=subs128.lst subs128.s



ARM Macro Assembler    Page 1 Alphabetic symbol ordering
Relocatable symbols

RESET 00000000

Symbol: RESET
   Definitions
      At line 1 in file subs128.s
   Uses
      None
Comment: RESET unused
__Vectors 00000000

Symbol: __Vectors
   Definitions
      At line 4 in file subs128.s
   Uses
      At line 2 in file subs128.s
Comment: __Vectors used once
2 symbols



ARM Macro Assembler    Page 1 Alphabetic symbol ordering
Relocatable symbols

CODE_SEG 00000000

Symbol: CODE_SEG
   Definitions
      At line 9 in file subs128.s
   Uses
      None
Comment: CODE_SEG unused
LOOP 00000014

Symbol: LOOP
   Definitions
      At line 23 in file subs128.s
   Uses
      At line 31 in file subs128.s
Comment: LOOP used once
NUM1 0000003C

Symbol: NUM1
   Definitions
      At line 36 in file subs128.s
   Uses
      At line 14 in file subs128.s
Comment: NUM1 used once
NUM2 0000002C

Symbol: NUM2
   Definitions
      At line 35 in file subs128.s
   Uses
      At line 15 in file subs128.s
Comment: NUM2 used once
Reset_Handler 00000000

Symbol: Reset_Handler
   Definitions
      At line 13 in file subs128.s
   Uses
      At line 6 in file subs128.s
      At line 11 in file subs128.s

STOP 00000028

Symbol: STOP
   Definitions
      At line 33 in file subs128.s
   Uses
      At line 34 in file subs128.s
Comment: STOP used once
6 symbols



ARM Macro Assembler    Page 1 Alphabetic symbol ordering
Relocatable symbols

DATA_SEG 00000000

Symbol: DATA_SEG
   Definitions
      At line 37 in file subs128.s
   Uses
      None
Comment: DATA_SEG unused
DST 00000000

Symbol: DST
   Definitions
      At line 38 in file subs128.s
   Uses
      At line 16 in file subs128.s
Comment: DST used once
2 symbols
343 symbols in table
