


ARM Macro Assembler    Page 1 


    1 00000000                 AREA             RESET,DATA,READONLY
    2 00000000                 EXPORT           __Vectors
    3 00000000         __Vectors
    4 00000000 10001000        DCD              0x10001000
    5 00000004 00000000        DCD              Reset_Handler
    6 00000008                 ALIGN
    7 00000008                 AREA             mycode,CODE,READONLY
    8 00000000         ENTRY
    9 00000000                 EXPORT           Reset_Handler
   10 00000000         Reset_Handler
   11 00000000 480F            LDR              R0,=SRC
   12 00000002 4910            LDR              R1,=DST
   13 00000004 F04F 020A       MOV              R2,#10
   14 00000008         LOOP
   15 00000008 F850 3B04       LDR              R3,[R0],#4
   16 0000000C F841 3B04       STR              R3,[R1],#4
   17 00000010 3A01            SUBS             R2,#1
   18 00000012 D1F9            BNE              LOOP
   19 00000014         STOP
   20 00000014 E7FE            B                STOP
   21 00000016 00 00 11111111 
              22222222 
              33333333 
              44444444 
              55555555 
              66666666 
              77777777 
              88888888 
              00000099 
              10101010 SRC     DCD              0X11111111,0X22222222,0X3333333
3,0X44444444,0X55555555,0X66666666,0X77777777,0X88888888,0X99,0X10101010
   22 00000040 00000000 
              00000000         AREA             DATASEG,DATA,READWRITE
   23 00000000 00000000 
                       DST     DCD              0
   24 00000004                 END
Command Line: --debug --xref --cpu=Cortex-M3 --apcs=interwork --depend=nonoverl
ap.d -ononoverlap.o -I"D:\Keil Software\ARM\RV31\INC" -I"D:\Keil Software\ARM\C
MSIS\Include" -I"D:\Keil Software\ARM\Inc\NXP\LPC17xx" --predefine="__EVAL SETA
 1" --list=nonoverlap.lst nonoverlap.s



ARM Macro Assembler    Page 1 Alphabetic symbol ordering
Relocatable symbols

RESET 00000000

Symbol: RESET
   Definitions
      At line 1 in file nonoverlap.s
   Uses
      None
Comment: RESET unused
__Vectors 00000000

Symbol: __Vectors
   Definitions
      At line 3 in file nonoverlap.s
   Uses
      At line 2 in file nonoverlap.s
Comment: __Vectors used once
2 symbols



ARM Macro Assembler    Page 1 Alphabetic symbol ordering
Relocatable symbols

ENTRY 00000000

Symbol: ENTRY
   Definitions
      At line 8 in file nonoverlap.s
   Uses
      None
Comment: ENTRY unused
LOOP 00000008

Symbol: LOOP
   Definitions
      At line 14 in file nonoverlap.s
   Uses
      At line 18 in file nonoverlap.s
Comment: LOOP used once
Reset_Handler 00000000

Symbol: Reset_Handler
   Definitions
      At line 10 in file nonoverlap.s
   Uses
      At line 5 in file nonoverlap.s
      At line 9 in file nonoverlap.s

SRC 00000018

Symbol: SRC
   Definitions
      At line 21 in file nonoverlap.s
   Uses
      At line 11 in file nonoverlap.s
Comment: SRC used once
STOP 00000014

Symbol: STOP
   Definitions
      At line 19 in file nonoverlap.s
   Uses
      At line 20 in file nonoverlap.s
Comment: STOP used once
mycode 00000000

Symbol: mycode
   Definitions
      At line 7 in file nonoverlap.s
   Uses
      None
Comment: mycode unused
6 symbols



ARM Macro Assembler    Page 1 Alphabetic symbol ordering
Relocatable symbols

DATASEG 00000000

Symbol: DATASEG
   Definitions
      At line 22 in file nonoverlap.s
   Uses
      None
Comment: DATASEG unused
DST 00000000

Symbol: DST
   Definitions
      At line 23 in file nonoverlap.s
   Uses
      At line 12 in file nonoverlap.s
Comment: DST used once
2 symbols
343 symbols in table
