


ARM Macro Assembler    Page 1 


    1 00000000                 AREA             RESET, DATA, READONLY
    2 00000000                 EXPORT           __Vectors
    3 00000000         __Vectors
    4 00000000 10001000        DCD              0x10001000
    5 00000004 00000000        DCD              Reset_Handler
    6 00000008                 ALIGN
    7 00000008                 AREA             mycode, CODE, READONLY
    8 00000000                 EXPORT           Reset_Handler
    9 00000000                 ENTRY
   10 00000000         Reset_Handler
   11 00000000 4810            LDR              R0, = ARR
   12 00000002 F04F 010A       MOV              R1, #10
   13 00000006 F850 2B04 
                       UP      LDR              R2,[R0],#4
   14 0000000A 189B            ADDS             R3, R2
   15 0000000C F154 0400       ADCS             R4, #0
   16 00000010 3901            SUBS             R1, #1
   17 00000012 D1F8            BNE              UP
   18 00000014 4D0C            LDR              R5,=RESULT
   19 00000016 602B            STR              R3,[R5]
   20 00000018         STOP
   21 00000018 E7FE            B                STOP
   22 0000001A 00 00 12345678 
              ABCDEF89 
              98765432 
              35633489 
              451239AB 
              89723412 
              123874CD 
              AB456746 
              59345632 
              DE123459 ARR     DCD              0X12345678, 0XABCDEF89, 0X98765
432, 0X35633489, 0X451239AB, 0X89723412, 0X123874CD, 0XAB456746, 0X59345632, 0X
DE123459
   23 00000044 00000000 
              00000000         AREA             mydata, DATA, READWRITE
   24 00000000 00000000 
                       RESULT  DCD              0
   25 00000004                 END
Command Line: --debug --xref --cpu=Cortex-M3 --apcs=interwork --depend=add32.d 
-oadd32.o -I"D:\Keil Software\ARM\RV31\INC" -I"D:\Keil Software\ARM\CMSIS\Inclu
de" -I"D:\Keil Software\ARM\Inc\NXP\LPC17xx" --predefine="__EVAL SETA 1" --list
=add32.lst add32.s



ARM Macro Assembler    Page 1 Alphabetic symbol ordering
Relocatable symbols

RESET 00000000

Symbol: RESET
   Definitions
      At line 1 in file add32.s
   Uses
      None
Comment: RESET unused
__Vectors 00000000

Symbol: __Vectors
   Definitions
      At line 3 in file add32.s
   Uses
      At line 2 in file add32.s
Comment: __Vectors used once
2 symbols



ARM Macro Assembler    Page 1 Alphabetic symbol ordering
Relocatable symbols

ARR 0000001C

Symbol: ARR
   Definitions
      At line 22 in file add32.s
   Uses
      At line 11 in file add32.s
Comment: ARR used once
Reset_Handler 00000000

Symbol: Reset_Handler
   Definitions
      At line 10 in file add32.s
   Uses
      At line 5 in file add32.s
      At line 8 in file add32.s

STOP 00000018

Symbol: STOP
   Definitions
      At line 20 in file add32.s
   Uses
      At line 21 in file add32.s
Comment: STOP used once
UP 00000006

Symbol: UP
   Definitions
      At line 13 in file add32.s
   Uses
      At line 17 in file add32.s
Comment: UP used once
mycode 00000000

Symbol: mycode
   Definitions
      At line 7 in file add32.s
   Uses
      None
Comment: mycode unused
5 symbols



ARM Macro Assembler    Page 1 Alphabetic symbol ordering
Relocatable symbols

RESULT 00000000

Symbol: RESULT
   Definitions
      At line 24 in file add32.s
   Uses
      At line 18 in file add32.s
Comment: RESULT used once
mydata 00000000

Symbol: mydata
   Definitions
      At line 23 in file add32.s
   Uses
      None
Comment: mydata unused
2 symbols
342 symbols in table
