


ARM Macro Assembler    Page 1 


    1 00000000                 AREA             RESET, DATA, READONLY
    2 00000000                 EXPORT           __Vectors
    3 00000000         __Vectors
    4 00000000 10001000        DCD              0x10001000
    5 00000004 00000000        DCD              Reset_Handler
    6 00000008                 ALIGN
    7 00000008                 AREA             mycode, CODE, READONLY
    8 00000000                 EXPORT           Reset_Handler
    9 00000000                 ENTRY
   10 00000000         Reset_Handler
   11 00000000 4811            LDR              R0,= VALUE1
   12 00000002 4912            LDR              R1,= VALUE2
   13 00000004 4F12            LDR              R7,= RESULT
   14 00000006 F04F 0404       MOV              R4,#4
   15 0000000A         
   16 0000000A F850 2B04 
                       UP      LDR              R2,[R0],#4
   17 0000000E F851 3B04       LDR              R3,[R1],#4
   18 00000012 EB52 0503       ADCS             R5,R2,R3
   19 00000016 F847 5B04       STR              R5,[R7],#4
   20 0000001A F1A4 0401       SUB              R4,#1
   21 0000001E F094 0F00       TEQ              R4 ,#0
   22 00000022 D1F2            BNE              UP
   23 00000024         STOP
   24 00000024 E7FE            B                STOP
   25 00000026 00 00 12345678 
              ABCDEF12 
              98765432 
              ABCD1234 VALUE1  DCD              0X12345678, 0XABCDEF12, 0X98765
432, 0XABCD1234
   26 00000038 EF12ABCD 
              CDEF1827 
              12AB34CD 
              EF12AB45 VALUE2  DCD              0XEF12ABCD, 0XCDEF1827, 0X12AB3
4CD, 0XEF12AB45
   27 00000048 00000000 
              00000000 
              00000000         AREA             mydata, DATA, READWRITE
   28 00000000 00000000 
              00000000 RESULT  DCD              0,0
   29 00000008                 END
Command Line: --debug --xref --cpu=Cortex-M3 --apcs=interwork --depend=add128lo
op.d -oadd128loop.o -I"D:\Keil Software\ARM\RV31\INC" -I"D:\Keil Software\ARM\C
MSIS\Include" -I"D:\Keil Software\ARM\Inc\NXP\LPC17xx" --predefine="__EVAL SETA
 1" --list=add128loop.lst add128loop.s



ARM Macro Assembler    Page 1 Alphabetic symbol ordering
Relocatable symbols

RESET 00000000

Symbol: RESET
   Definitions
      At line 1 in file add128loop.s
   Uses
      None
Comment: RESET unused
__Vectors 00000000

Symbol: __Vectors
   Definitions
      At line 3 in file add128loop.s
   Uses
      At line 2 in file add128loop.s
Comment: __Vectors used once
2 symbols



ARM Macro Assembler    Page 1 Alphabetic symbol ordering
Relocatable symbols

Reset_Handler 00000000

Symbol: Reset_Handler
   Definitions
      At line 10 in file add128loop.s
   Uses
      At line 5 in file add128loop.s
      At line 8 in file add128loop.s

STOP 00000024

Symbol: STOP
   Definitions
      At line 23 in file add128loop.s
   Uses
      At line 24 in file add128loop.s
Comment: STOP used once
UP 0000000A

Symbol: UP
   Definitions
      At line 16 in file add128loop.s
   Uses
      At line 22 in file add128loop.s
Comment: UP used once
VALUE1 00000028

Symbol: VALUE1
   Definitions
      At line 25 in file add128loop.s
   Uses
      At line 11 in file add128loop.s
Comment: VALUE1 used once
VALUE2 00000038

Symbol: VALUE2
   Definitions
      At line 26 in file add128loop.s
   Uses
      At line 12 in file add128loop.s
Comment: VALUE2 used once
mycode 00000000

Symbol: mycode
   Definitions
      At line 7 in file add128loop.s
   Uses
      None
Comment: mycode unused
6 symbols



ARM Macro Assembler    Page 1 Alphabetic symbol ordering
Relocatable symbols

RESULT 00000000

Symbol: RESULT
   Definitions
      At line 28 in file add128loop.s
   Uses
      At line 13 in file add128loop.s
Comment: RESULT used once
mydata 00000000

Symbol: mydata
   Definitions
      At line 27 in file add128loop.s
   Uses
      None
Comment: mydata unused
2 symbols
343 symbols in table
