


ARM Macro Assembler    Page 1 


    1 00000000                 AREA             RESET, DATA, READONLY
    2 00000000                 EXPORT           __Vectors
    3 00000000         
    4 00000000         __Vectors
    5 00000000 10010000        DCD              0x10010000
    6 00000004 00000000        DCD              Reset_Handler
    7 00000008         
    8 00000008                 ALIGN
    9 00000008                 AREA             CODE_SEG, CODE, READONLY
   10 00000000                 ENTRY
   11 00000000                 EXPORT           Reset_Handler
   12 00000000         
   13 00000000         Reset_Handler
   14 00000000 F04F 0005       MOV              R0,#5
   15 00000004 4601            MOV              R1,R0
   16 00000006 F101 0101       ADD              R1,#1
   17 0000000A F04F 0200       MOV              R2,#0
   18 0000000E FB00 2001       MLA              R0,R0,R1,R2
   19 00000012 0840            MOVS             R0,R0,LSR#1
   20 00000014         STOP
   21 00000014 E7FE            B                STOP
   22 00000016                 AREA             DATA_SEG, DATA, READWRITE
   23 00000000 00000000 
                       DST     DCD              0
   24 00000004                 END
Command Line: --debug --xref --cpu=Cortex-M3 --apcs=interwork --depend=sumNmla.
d -osumNmla.o -I"D:\Keil Software\ARM\RV31\INC" -I"D:\Keil Software\ARM\CMSIS\I
nclude" -I"D:\Keil Software\ARM\Inc\NXP\LPC17xx" --predefine="__EVAL SETA 1" --
list=sumNmla.lst sumNmla.s



ARM Macro Assembler    Page 1 Alphabetic symbol ordering
Relocatable symbols

RESET 00000000

Symbol: RESET
   Definitions
      At line 1 in file sumNmla.s
   Uses
      None
Comment: RESET unused
__Vectors 00000000

Symbol: __Vectors
   Definitions
      At line 4 in file sumNmla.s
   Uses
      At line 2 in file sumNmla.s
Comment: __Vectors used once
2 symbols



ARM Macro Assembler    Page 1 Alphabetic symbol ordering
Relocatable symbols

CODE_SEG 00000000

Symbol: CODE_SEG
   Definitions
      At line 9 in file sumNmla.s
   Uses
      None
Comment: CODE_SEG unused
Reset_Handler 00000000

Symbol: Reset_Handler
   Definitions
      At line 13 in file sumNmla.s
   Uses
      At line 6 in file sumNmla.s
      At line 11 in file sumNmla.s

STOP 00000014

Symbol: STOP
   Definitions
      At line 20 in file sumNmla.s
   Uses
      At line 21 in file sumNmla.s
Comment: STOP used once
3 symbols



ARM Macro Assembler    Page 1 Alphabetic symbol ordering
Relocatable symbols

DATA_SEG 00000000

Symbol: DATA_SEG
   Definitions
      At line 22 in file sumNmla.s
   Uses
      None
Comment: DATA_SEG unused
DST 00000000

Symbol: DST
   Definitions
      At line 23 in file sumNmla.s
   Uses
      None
Comment: DST unused
2 symbols
338 symbols in table
