


ARM Macro Assembler    Page 1 


    1 00000000                 AREA             RESET, DATA, READONLY
    2 00000000                 EXPORT           __Vectors
    3 00000000         
    4 00000000         __Vectors
    5 00000000 10010000        DCD              0x10010000
    6 00000004 00000000        DCD              Reset_Handler
    7 00000008         
    8 00000008                 ALIGN
    9 00000008                 AREA             CODE_SEG, CODE, READONLY
   10 00000000                 ENTRY
   11 00000000                 EXPORT           Reset_Handler
   12 00000000         
   13 00000000         Reset_Handler
   14 00000000 4A0A            LDR              R2,=NUM1
   15 00000002 4B0B            LDR              R3,=NUM2
   16 00000004 6810            LDR              R0,[R2]
   17 00000006 6819            LDR              R1,[R3]
   18 00000008         
   19 00000008 4F0A            LDR              R7,=RES
   20 0000000A         
   21 0000000A         LOOP
   22 0000000A 4288            CMP              R0,R1
   23 0000000C D007            BEQ              OUT
   24 0000000E D800            BHI              GREATER
   25 00000010 D902            BLS              LESSER
   26 00000012         GREATER
   27 00000012 EBA0 0001       SUB              R0,R1
   28 00000016 E7F8            B                LOOP
   29 00000018         LESSER
   30 00000018 EBA1 0100       SUB              R1,R0
   31 0000001C E7F5            B                LOOP
   32 0000001E         
   33 0000001E         OUT
   34 0000001E 6039            STR              R1,[R7]
   35 00000020         
   36 00000020         STOP
   37 00000020 E7FE            B                STOP
   38 00000022 00 00 00000006 
                       NUM1    DCD              0X06
   39 00000028 0000000A 
                       NUM2    DCD              0X0A
   40 0000002C 00000000 
              00000000 
              00000000         AREA             DATA_SEG, DATA, READWRITE
   41 00000000 00000000 
                       RES     DCD              0
   42 00000004                 END
Command Line: --debug --xref --cpu=Cortex-M3 --apcs=interwork --depend=gcd2num.
d -ogcd2num.o -I"D:\Keil Software\ARM\RV31\INC" -I"D:\Keil Software\ARM\CMSIS\I
nclude" -I"D:\Keil Software\ARM\Inc\NXP\LPC17xx" --predefine="__EVAL SETA 1" --
list=gcd2num.lst gcd2num.s



ARM Macro Assembler    Page 1 Alphabetic symbol ordering
Relocatable symbols

RESET 00000000

Symbol: RESET
   Definitions
      At line 1 in file gcd2num.s
   Uses
      None
Comment: RESET unused
__Vectors 00000000

Symbol: __Vectors
   Definitions
      At line 4 in file gcd2num.s
   Uses
      At line 2 in file gcd2num.s
Comment: __Vectors used once
2 symbols



ARM Macro Assembler    Page 1 Alphabetic symbol ordering
Relocatable symbols

CODE_SEG 00000000

Symbol: CODE_SEG
   Definitions
      At line 9 in file gcd2num.s
   Uses
      None
Comment: CODE_SEG unused
GREATER 00000012

Symbol: GREATER
   Definitions
      At line 26 in file gcd2num.s
   Uses
      At line 24 in file gcd2num.s
Comment: GREATER used once
LESSER 00000018

Symbol: LESSER
   Definitions
      At line 29 in file gcd2num.s
   Uses
      At line 25 in file gcd2num.s
Comment: LESSER used once
LOOP 0000000A

Symbol: LOOP
   Definitions
      At line 21 in file gcd2num.s
   Uses
      At line 28 in file gcd2num.s
      At line 31 in file gcd2num.s

NUM1 00000024

Symbol: NUM1
   Definitions
      At line 38 in file gcd2num.s
   Uses
      At line 14 in file gcd2num.s
Comment: NUM1 used once
NUM2 00000028

Symbol: NUM2
   Definitions
      At line 39 in file gcd2num.s
   Uses
      At line 15 in file gcd2num.s
Comment: NUM2 used once
OUT 0000001E

Symbol: OUT
   Definitions
      At line 33 in file gcd2num.s
   Uses
      At line 23 in file gcd2num.s
Comment: OUT used once
Reset_Handler 00000000




ARM Macro Assembler    Page 2 Alphabetic symbol ordering
Relocatable symbols

Symbol: Reset_Handler
   Definitions
      At line 13 in file gcd2num.s
   Uses
      At line 6 in file gcd2num.s
      At line 11 in file gcd2num.s

STOP 00000020

Symbol: STOP
   Definitions
      At line 36 in file gcd2num.s
   Uses
      At line 37 in file gcd2num.s
Comment: STOP used once
9 symbols



ARM Macro Assembler    Page 1 Alphabetic symbol ordering
Relocatable symbols

DATA_SEG 00000000

Symbol: DATA_SEG
   Definitions
      At line 40 in file gcd2num.s
   Uses
      None
Comment: DATA_SEG unused
RES 00000000

Symbol: RES
   Definitions
      At line 41 in file gcd2num.s
   Uses
      At line 19 in file gcd2num.s
Comment: RES used once
2 symbols
346 symbols in table
